
> storybook-host@0.1.0 build-storybook /Users/rvan/repos/valkryiefinance/apps/storybook-host
> storybook build "--output-dir=/var/folders/74/hb77y19d6cz_gt4_rtsxkqtm0000gn/T/chromatic--2645-4UjFSKfnX7tv"

[1m@storybook/core v8.6.14
[22m
info => Cleaning outputDir: [36m../../../../../../var/folders/74/hb77y19d6cz_gt4_rtsxkqtm0000gn/T/chromatic--2645-4UjFSKfnX7tv[39m
info => Loading presets
info Found existing addon "@storybook/addon-docs", skipping.
info Found existing addon "@storybook/addon-docs", skipping.
info => Building manager..
info => Manager built ([38;2;181;126;229m89 ms[39m)
info => Building preview..
info Addon-docs: using MDX3
info => Using implicit CSS loaders
info => Using SWC as compiler
info => Using default Webpack5 setup
info Using tsconfig paths for react-docgen
WARN asset size limit: The following asset(s) exceed the recommended size limit (244 KiB).
WARN This can impact web performance.
WARN Assets: 
WARN   7151.d66f7d2a.iframe.bundle.js (362 KiB)
WARN   2690.55213a3a.iframe.bundle.js (826 KiB)
WARN   7761.f271f216.iframe.bundle.js (1.99 MiB)
WARN   8843.3eb79595.iframe.bundle.js (955 KiB)
WARN   5718.42ff7b73.iframe.bundle.js (985 KiB)
WARN entrypoint size limit: The following entrypoint(s) combined asset size exceeds the recommended limit (244 KiB). This can impact web performance.
WARN Entrypoints:
WARN   main (2.1 MiB)
WARN       runtime~main.6a8897e7.iframe.bundle.js
WARN       7761.f271f216.iframe.bundle.js
WARN       main.9de38a29.iframe.bundle.js
WARN 
info => Preview built ([38;2;181;126;229m15 s[39m)
info => Output directory: /var/folders/74/hb77y19d6cz_gt4_rtsxkqtm0000gn/T/chromatic--2645-4UjFSKfnX7tv
